[Wed, 09 Apr 14 14:42:58 +0200][DEBUG] 0 router
[Wed, 09 Apr 14 14:42:58 +0200][DEBUG] 1 dispatcher
[Wed, 09 Apr 14 14:42:58 +0200][DEBUG] 2 url
[Wed, 09 Apr 14 14:42:58 +0200][DEBUG] 3 modelsManager
[Wed, 09 Apr 14 14:42:58 +0200][DEBUG] 4 modelsMetadata
[Wed, 09 Apr 14 14:42:58 +0200][DEBUG] 5 response
[Wed, 09 Apr 14 14:42:58 +0200][DEBUG] 6 cookies
[Wed, 09 Apr 14 14:42:58 +0200][DEBUG] 7 request
[Wed, 09 Apr 14 14:42:58 +0200][DEBUG] 8 filter
[Wed, 09 Apr 14 14:42:58 +0200][DEBUG] 9 escaper
[Wed, 09 Apr 14 14:42:58 +0200][DEBUG] 10 security
[Wed, 09 Apr 14 14:42:58 +0200][DEBUG] 11 crypt
[Wed, 09 Apr 14 14:42:58 +0200][DEBUG] 12 annotations
[Wed, 09 Apr 14 14:42:58 +0200][DEBUG] 13 flash
[Wed, 09 Apr 14 14:42:58 +0200][DEBUG] 14 flashSession
[Wed, 09 Apr 14 14:42:58 +0200][DEBUG] 15 tag
[Wed, 09 Apr 14 14:42:58 +0200][DEBUG] 16 session
[Wed, 09 Apr 14 14:42:58 +0200][DEBUG] 17 sessionBag
[Wed, 09 Apr 14 14:42:58 +0200][DEBUG] 18 eventsManager
[Wed, 09 Apr 14 14:42:58 +0200][DEBUG] 19 transactions
[Wed, 09 Apr 14 14:42:58 +0200][DEBUG] 20 assets
[Wed, 09 Apr 14 14:42:58 +0200][DEBUG] 21 db
[Wed, 09 Apr 14 14:42:58 +0200][DEBUG] 22 view
[Wed, 09 Apr 14 14:42:58 +0200][DEBUG] 23 logger
[Wed, 09 Apr 14 14:42:59 +0200][DEBUG] 0 router
[Wed, 09 Apr 14 14:42:59 +0200][DEBUG] 1 dispatcher
[Wed, 09 Apr 14 14:42:59 +0200][DEBUG] 2 url
[Wed, 09 Apr 14 14:42:59 +0200][DEBUG] 3 modelsManager
[Wed, 09 Apr 14 14:42:59 +0200][DEBUG] 4 modelsMetadata
[Wed, 09 Apr 14 14:42:59 +0200][DEBUG] 5 response
[Wed, 09 Apr 14 14:42:59 +0200][DEBUG] 6 cookies
[Wed, 09 Apr 14 14:42:59 +0200][DEBUG] 7 request
[Wed, 09 Apr 14 14:42:59 +0200][DEBUG] 8 filter
[Wed, 09 Apr 14 14:42:59 +0200][DEBUG] 9 escaper
[Wed, 09 Apr 14 14:42:59 +0200][DEBUG] 10 security
[Wed, 09 Apr 14 14:42:59 +0200][DEBUG] 11 crypt
[Wed, 09 Apr 14 14:42:59 +0200][DEBUG] 12 annotations
[Wed, 09 Apr 14 14:42:59 +0200][DEBUG] 13 flash
[Wed, 09 Apr 14 14:42:59 +0200][DEBUG] 14 flashSession
[Wed, 09 Apr 14 14:42:59 +0200][DEBUG] 15 tag
[Wed, 09 Apr 14 14:42:59 +0200][DEBUG] 16 session
[Wed, 09 Apr 14 14:42:59 +0200][DEBUG] 17 sessionBag
[Wed, 09 Apr 14 14:42:59 +0200][DEBUG] 18 eventsManager
[Wed, 09 Apr 14 14:42:59 +0200][DEBUG] 19 transactions
[Wed, 09 Apr 14 14:42:59 +0200][DEBUG] 20 assets
[Wed, 09 Apr 14 14:42:59 +0200][DEBUG] 21 db
[Wed, 09 Apr 14 14:42:59 +0200][DEBUG] 22 view
[Wed, 09 Apr 14 14:42:59 +0200][DEBUG] 23 logger
[Wed, 09 Apr 14 15:04:30 +0200][DEBUG] 0 router
[Wed, 09 Apr 14 15:04:30 +0200][DEBUG] 1 dispatcher
[Wed, 09 Apr 14 15:04:30 +0200][DEBUG] 2 url
[Wed, 09 Apr 14 15:04:30 +0200][DEBUG] 3 modelsManager
[Wed, 09 Apr 14 15:04:30 +0200][DEBUG] 4 modelsMetadata
[Wed, 09 Apr 14 15:04:30 +0200][DEBUG] 5 response
[Wed, 09 Apr 14 15:04:30 +0200][DEBUG] 6 cookies
[Wed, 09 Apr 14 15:04:30 +0200][DEBUG] 7 request
[Wed, 09 Apr 14 15:04:30 +0200][DEBUG] 8 filter
[Wed, 09 Apr 14 15:04:30 +0200][DEBUG] 9 escaper
[Wed, 09 Apr 14 15:04:30 +0200][DEBUG] 10 security
[Wed, 09 Apr 14 15:04:30 +0200][DEBUG] 11 crypt
[Wed, 09 Apr 14 15:04:30 +0200][DEBUG] 12 annotations
[Wed, 09 Apr 14 15:04:30 +0200][DEBUG] 13 flash
[Wed, 09 Apr 14 15:04:30 +0200][DEBUG] 14 flashSession
[Wed, 09 Apr 14 15:04:30 +0200][DEBUG] 15 tag
[Wed, 09 Apr 14 15:04:30 +0200][DEBUG] 16 session
[Wed, 09 Apr 14 15:04:30 +0200][DEBUG] 17 sessionBag
[Wed, 09 Apr 14 15:04:30 +0200][DEBUG] 18 eventsManager
[Wed, 09 Apr 14 15:04:30 +0200][DEBUG] 19 transactions
[Wed, 09 Apr 14 15:04:30 +0200][DEBUG] 20 assets
[Wed, 09 Apr 14 15:04:30 +0200][DEBUG] 21 db
[Wed, 09 Apr 14 15:04:30 +0200][DEBUG] 22 view
[Wed, 09 Apr 14 15:04:30 +0200][DEBUG] 23 logger
[Wed, 09 Apr 14 15:04:31 +0200][DEBUG] 0 router
[Wed, 09 Apr 14 15:04:31 +0200][DEBUG] 1 dispatcher
[Wed, 09 Apr 14 15:04:31 +0200][DEBUG] 2 url
[Wed, 09 Apr 14 15:04:31 +0200][DEBUG] 3 modelsManager
[Wed, 09 Apr 14 15:04:31 +0200][DEBUG] 4 modelsMetadata
[Wed, 09 Apr 14 15:04:31 +0200][DEBUG] 5 response
[Wed, 09 Apr 14 15:04:31 +0200][DEBUG] 6 cookies
[Wed, 09 Apr 14 15:04:31 +0200][DEBUG] 7 request
[Wed, 09 Apr 14 15:04:31 +0200][DEBUG] 8 filter
[Wed, 09 Apr 14 15:04:31 +0200][DEBUG] 9 escaper
[Wed, 09 Apr 14 15:04:31 +0200][DEBUG] 10 security
[Wed, 09 Apr 14 15:04:31 +0200][DEBUG] 11 crypt
[Wed, 09 Apr 14 15:04:31 +0200][DEBUG] 12 annotations
[Wed, 09 Apr 14 15:04:31 +0200][DEBUG] 13 flash
[Wed, 09 Apr 14 15:04:31 +0200][DEBUG] 14 flashSession
[Wed, 09 Apr 14 15:04:31 +0200][DEBUG] 15 tag
[Wed, 09 Apr 14 15:04:31 +0200][DEBUG] 16 session
[Wed, 09 Apr 14 15:04:31 +0200][DEBUG] 17 sessionBag
[Wed, 09 Apr 14 15:04:31 +0200][DEBUG] 18 eventsManager
[Wed, 09 Apr 14 15:04:31 +0200][DEBUG] 19 transactions
[Wed, 09 Apr 14 15:04:31 +0200][DEBUG] 20 assets
[Wed, 09 Apr 14 15:04:31 +0200][DEBUG] 21 db
[Wed, 09 Apr 14 15:04:31 +0200][DEBUG] 22 view
[Wed, 09 Apr 14 15:04:31 +0200][DEBUG] 23 logger
[Wed, 09 Apr 14 15:05:27 +0200][DEBUG] 0 router
[Wed, 09 Apr 14 15:05:27 +0200][DEBUG] 2 dispatcher
[Wed, 09 Apr 14 15:05:27 +0200][DEBUG] 4 url
[Wed, 09 Apr 14 15:05:27 +0200][DEBUG] 6 modelsManager
[Wed, 09 Apr 14 15:05:27 +0200][DEBUG] 8 modelsMetadata
[Wed, 09 Apr 14 15:05:27 +0200][DEBUG] 10 response
[Wed, 09 Apr 14 15:05:27 +0200][DEBUG] 12 cookies
[Wed, 09 Apr 14 15:05:27 +0200][DEBUG] 14 request
[Wed, 09 Apr 14 15:05:27 +0200][DEBUG] 16 filter
[Wed, 09 Apr 14 15:05:27 +0200][DEBUG] 18 escaper
[Wed, 09 Apr 14 15:05:27 +0200][DEBUG] 20 security
[Wed, 09 Apr 14 15:05:27 +0200][DEBUG] 22 crypt
[Wed, 09 Apr 14 15:05:27 +0200][DEBUG] 24 annotations
[Wed, 09 Apr 14 15:05:27 +0200][DEBUG] 26 flash
[Wed, 09 Apr 14 15:05:27 +0200][DEBUG] 28 flashSession
[Wed, 09 Apr 14 15:05:27 +0200][DEBUG] 30 tag
[Wed, 09 Apr 14 15:05:27 +0200][DEBUG] 32 session
[Wed, 09 Apr 14 15:05:27 +0200][DEBUG] 34 sessionBag
[Wed, 09 Apr 14 15:05:27 +0200][DEBUG] 36 eventsManager
[Wed, 09 Apr 14 15:05:27 +0200][DEBUG] 38 transactions
[Wed, 09 Apr 14 15:05:27 +0200][DEBUG] 40 assets
[Wed, 09 Apr 14 15:05:27 +0200][DEBUG] 42 db
[Wed, 09 Apr 14 15:05:27 +0200][DEBUG] 44 view
[Wed, 09 Apr 14 15:05:27 +0200][DEBUG] 46 logger
[Wed, 09 Apr 14 15:05:27 +0200][DEBUG] 0 router
[Wed, 09 Apr 14 15:05:27 +0200][DEBUG] 2 dispatcher
[Wed, 09 Apr 14 15:05:27 +0200][DEBUG] 4 url
[Wed, 09 Apr 14 15:05:27 +0200][DEBUG] 6 modelsManager
[Wed, 09 Apr 14 15:05:27 +0200][DEBUG] 8 modelsMetadata
[Wed, 09 Apr 14 15:05:27 +0200][DEBUG] 10 response
[Wed, 09 Apr 14 15:05:27 +0200][DEBUG] 12 cookies
[Wed, 09 Apr 14 15:05:27 +0200][DEBUG] 14 request
[Wed, 09 Apr 14 15:05:27 +0200][DEBUG] 16 filter
[Wed, 09 Apr 14 15:05:27 +0200][DEBUG] 18 escaper
[Wed, 09 Apr 14 15:05:27 +0200][DEBUG] 20 security
[Wed, 09 Apr 14 15:05:27 +0200][DEBUG] 22 crypt
[Wed, 09 Apr 14 15:05:27 +0200][DEBUG] 24 annotations
[Wed, 09 Apr 14 15:05:27 +0200][DEBUG] 26 flash
[Wed, 09 Apr 14 15:05:27 +0200][DEBUG] 28 flashSession
[Wed, 09 Apr 14 15:05:27 +0200][DEBUG] 30 tag
[Wed, 09 Apr 14 15:05:27 +0200][DEBUG] 32 session
[Wed, 09 Apr 14 15:05:27 +0200][DEBUG] 34 sessionBag
[Wed, 09 Apr 14 15:05:27 +0200][DEBUG] 36 eventsManager
[Wed, 09 Apr 14 15:05:27 +0200][DEBUG] 38 transactions
[Wed, 09 Apr 14 15:05:27 +0200][DEBUG] 40 assets
[Wed, 09 Apr 14 15:05:27 +0200][DEBUG] 42 db
[Wed, 09 Apr 14 15:05:27 +0200][DEBUG] 44 view
[Wed, 09 Apr 14 15:05:27 +0200][DEBUG] 46 logger
[Wed, 09 Apr 14 15:05:56 +0200][DEBUG] 0 router
[Wed, 09 Apr 14 15:05:56 +0200][DEBUG] 1 dispatcher
[Wed, 09 Apr 14 15:05:56 +0200][DEBUG] 2 url
[Wed, 09 Apr 14 15:05:56 +0200][DEBUG] 3 modelsManager
[Wed, 09 Apr 14 15:05:56 +0200][DEBUG] 4 modelsMetadata
[Wed, 09 Apr 14 15:05:56 +0200][DEBUG] 5 response
[Wed, 09 Apr 14 15:05:56 +0200][DEBUG] 6 cookies
[Wed, 09 Apr 14 15:05:56 +0200][DEBUG] 7 request
[Wed, 09 Apr 14 15:05:56 +0200][DEBUG] 8 filter
[Wed, 09 Apr 14 15:05:56 +0200][DEBUG] 9 escaper
[Wed, 09 Apr 14 15:05:56 +0200][DEBUG] 10 security
[Wed, 09 Apr 14 15:05:56 +0200][DEBUG] 11 crypt
[Wed, 09 Apr 14 15:05:56 +0200][DEBUG] 12 annotations
[Wed, 09 Apr 14 15:05:56 +0200][DEBUG] 13 flash
[Wed, 09 Apr 14 15:05:56 +0200][DEBUG] 14 flashSession
[Wed, 09 Apr 14 15:05:56 +0200][DEBUG] 15 tag
[Wed, 09 Apr 14 15:05:56 +0200][DEBUG] 16 session
[Wed, 09 Apr 14 15:05:56 +0200][DEBUG] 17 sessionBag
[Wed, 09 Apr 14 15:05:56 +0200][DEBUG] 18 eventsManager
[Wed, 09 Apr 14 15:05:56 +0200][DEBUG] 19 transactions
[Wed, 09 Apr 14 15:05:56 +0200][DEBUG] 20 assets
[Wed, 09 Apr 14 15:05:56 +0200][DEBUG] 21 db
[Wed, 09 Apr 14 15:05:56 +0200][DEBUG] 22 view
[Wed, 09 Apr 14 15:05:56 +0200][DEBUG] 23 logger
[Wed, 09 Apr 14 15:05:57 +0200][DEBUG] 0 router
[Wed, 09 Apr 14 15:05:57 +0200][DEBUG] 1 dispatcher
[Wed, 09 Apr 14 15:05:57 +0200][DEBUG] 2 url
[Wed, 09 Apr 14 15:05:57 +0200][DEBUG] 3 modelsManager
[Wed, 09 Apr 14 15:05:57 +0200][DEBUG] 4 modelsMetadata
[Wed, 09 Apr 14 15:05:57 +0200][DEBUG] 5 response
[Wed, 09 Apr 14 15:05:57 +0200][DEBUG] 6 cookies
[Wed, 09 Apr 14 15:05:57 +0200][DEBUG] 7 request
[Wed, 09 Apr 14 15:05:57 +0200][DEBUG] 8 filter
[Wed, 09 Apr 14 15:05:57 +0200][DEBUG] 9 escaper
[Wed, 09 Apr 14 15:05:57 +0200][DEBUG] 10 security
[Wed, 09 Apr 14 15:05:57 +0200][DEBUG] 11 crypt
[Wed, 09 Apr 14 15:05:57 +0200][DEBUG] 12 annotations
[Wed, 09 Apr 14 15:05:57 +0200][DEBUG] 13 flash
[Wed, 09 Apr 14 15:05:57 +0200][DEBUG] 14 flashSession
[Wed, 09 Apr 14 15:05:57 +0200][DEBUG] 15 tag
[Wed, 09 Apr 14 15:05:57 +0200][DEBUG] 16 session
[Wed, 09 Apr 14 15:05:57 +0200][DEBUG] 17 sessionBag
[Wed, 09 Apr 14 15:05:57 +0200][DEBUG] 18 eventsManager
[Wed, 09 Apr 14 15:05:57 +0200][DEBUG] 19 transactions
[Wed, 09 Apr 14 15:05:57 +0200][DEBUG] 20 assets
[Wed, 09 Apr 14 15:05:57 +0200][DEBUG] 21 db
[Wed, 09 Apr 14 15:05:57 +0200][DEBUG] 22 view
[Wed, 09 Apr 14 15:05:57 +0200][DEBUG] 23 logger
